1724431452310:init 10 20 20
1724431498960:init 10 20 30
1724431575336:i --big 10
1724431590254:i --big 10 --small 20 --medium 30
1724431700472:i --medium 20 --big 30
1724431741449:i -s 10
1724431745176:i --s 10
1724431747443:i
1724431753692:i --s 21321
1724431766205:i --s 22233333
1724432074672:i
1724432077060:a 1
1724432078156:a1
1724432079331:a 1
1724432368416:i 1 0 0
1724432375217:a 2
1724432377478:a 1
1724432394638:stacktrace
1724432464974:i
1724432468628:a 4
1724432481285:stacktrace
1724432485900:help
1724432504253:history
1724432532362:version
1724432543349:exit
1724432771190:help
1724432822404:a
1724432826297:i
1724432827598:a
1724432829668:a 1
1724432930616:help
1724432934541:i
1724432939799:i 1 2 3
1724432943196:a 1
1724432946953:a 2
1724432951004:a 3
1724432958109:a
1724432961420:a 3
